<?xml version="1.0" encoding="UTF-8"?>
<!-- Generated by org.testng.reporters.JUnitReportReporter -->
<testsuite skipped="0" hostname="user" name="AssignmentPack.AssignmentSwaglab" tests="1" failures="0" timestamp="2023-06-15T00:19:45 IST" time="31.884" errors="0">
  <testcase name="swaglab" time="31.884" classname="AssignmentPack.AssignmentSwaglab"/>
  <system-out/>
</testsuite> <!-- AssignmentPack.AssignmentSwaglab -->
